<?xml version="1.0" encoding="UTF-8"?>
<!-- Generated by org.testng.reporters.JUnitReportReporter -->
<testsuite name="org.testing.TestScripts.TC2" tests="1" time="0.100" ignored="0" failures="0" timestamp="24 Feb 2021 03:25:25 GMT" skipped="0" hostname="DESKTOP-CG5M29G" errors="0">
  <testcase name="testcase2" time="0.100" classname="org.testing.TestScripts.TC2"/>
</testsuite> <!-- org.testing.TestScripts.TC2 -->
