<?xml version="1.0" encoding="UTF-8"?>
<!-- Generated by org.testng.reporters.JUnitReportReporter -->
<testsuite name="org.testing.TestScripts.TC5" tests="1" time="0.053" ignored="0" failures="0" timestamp="24 Feb 2021 03:25:25 GMT" skipped="0" hostname="DESKTOP-CG5M29G" errors="0">
  <testcase name="testcase5" time="0.053" classname="org.testing.TestScripts.TC5"/>
</testsuite> <!-- org.testing.TestScripts.TC5 -->
